running egg_info
writing ../../build/turtle_control/turtle_control.egg-info/PKG-INFO
writing dependency_links to ../../build/turtle_control/turtle_control.egg-info/dependency_links.txt
writing entry points to ../../build/turtle_control/turtle_control.egg-info/entry_points.txt
writing requirements to ../../build/turtle_control/turtle_control.egg-info/requires.txt
writing top-level names to ../../build/turtle_control/turtle_control.egg-info/top_level.txt
reading manifest file '../../build/turtle_control/turtle_control.egg-info/SOURCES.txt'
writing manifest file '../../build/turtle_control/turtle_control.egg-info/SOURCES.txt'
running build
running build_py
creating /home/aae4202/ws_4202/build/turtle_control/build
creating /home/aae4202/ws_4202/build/turtle_control/build/lib
creating /home/aae4202/ws_4202/build/turtle_control/build/lib/turtle_control
copying turtle_control/turtle_pose_show_node.py -> /home/aae4202/ws_4202/build/turtle_control/build/lib/turtle_control
copying turtle_control/__init__.py -> /home/aae4202/ws_4202/build/turtle_control/build/lib/turtle_control
copying turtle_control/turtle_control_node.py -> /home/aae4202/ws_4202/build/turtle_control/build/lib/turtle_control
running install
running install_lib
creating /home/aae4202/ws_4202/install/turtle_control/lib/python3.10/site-packages/turtle_control
copying /home/aae4202/ws_4202/build/turtle_control/build/lib/turtle_control/turtle_pose_show_node.py -> /home/aae4202/ws_4202/install/turtle_control/lib/python3.10/site-packages/turtle_control
copying /home/aae4202/ws_4202/build/turtle_control/build/lib/turtle_control/__init__.py -> /home/aae4202/ws_4202/install/turtle_control/lib/python3.10/site-packages/turtle_control
copying /home/aae4202/ws_4202/build/turtle_control/build/lib/turtle_control/turtle_control_node.py -> /home/aae4202/ws_4202/install/turtle_control/lib/python3.10/site-packages/turtle_control
byte-compiling /home/aae4202/ws_4202/install/turtle_control/lib/python3.10/site-packages/turtle_control/turtle_pose_show_node.py to turtle_pose_show_node.cpython-310.pyc
byte-compiling /home/aae4202/ws_4202/install/turtle_control/lib/python3.10/site-packages/turtle_control/__init__.py to __init__.cpython-310.pyc
byte-compiling /home/aae4202/ws_4202/install/turtle_control/lib/python3.10/site-packages/turtle_control/turtle_control_node.py to turtle_control_node.cpython-310.pyc
running install_egg_info
Copying ../../build/turtle_control/turtle_control.egg-info to /home/aae4202/ws_4202/install/turtle_control/lib/python3.10/site-packages/turtle_control-1.0.0-py3.10.egg-info
running install_scripts
Installing turtle_control_node script to /home/aae4202/ws_4202/install/turtle_control/lib/turtle_control
Installing turtle_pose_show_node script to /home/aae4202/ws_4202/install/turtle_control/lib/turtle_control
writing list of installed files to '/home/aae4202/ws_4202/build/turtle_control/install.log'
