[0.810s] Invoking command in '/home/aae4202/ws_4202/src/turtle_control': PYTHONPATH=/home/aae4202/ws_4202/build/turtle_control/prefix_override:/usr/lib/python3/dist-packages/colcon_core/task/python/colcon_distutils_commands:/home/aae4202/ws_4202/install/turtle_control/lib/python3.10/site-packages:${PYTHONPATH} /usr/bin/python3 -W ignore:setup.py install is deprecated setup.py egg_info --egg-base ../../build/turtle_control build --build-base /home/aae4202/ws_4202/build/turtle_control/build install --record /home/aae4202/ws_4202/build/turtle_control/install.log --single-version-externally-managed
[1.124s] running egg_info
[1.125s] writing ../../build/turtle_control/turtle_control.egg-info/PKG-INFO
[1.125s] writing dependency_links to ../../build/turtle_control/turtle_control.egg-info/dependency_links.txt
[1.126s] writing entry points to ../../build/turtle_control/turtle_control.egg-info/entry_points.txt
[1.126s] writing requirements to ../../build/turtle_control/turtle_control.egg-info/requires.txt
[1.126s] writing top-level names to ../../build/turtle_control/turtle_control.egg-info/top_level.txt
[1.129s] reading manifest file '../../build/turtle_control/turtle_control.egg-info/SOURCES.txt'
[1.131s] writing manifest file '../../build/turtle_control/turtle_control.egg-info/SOURCES.txt'
[1.131s] running build
[1.131s] running build_py
[1.131s] creating /home/aae4202/ws_4202/build/turtle_control/build
[1.132s] creating /home/aae4202/ws_4202/build/turtle_control/build/lib
[1.132s] creating /home/aae4202/ws_4202/build/turtle_control/build/lib/turtle_control
[1.132s] copying turtle_control/turtle_pose_show_node.py -> /home/aae4202/ws_4202/build/turtle_control/build/lib/turtle_control
[1.132s] copying turtle_control/__init__.py -> /home/aae4202/ws_4202/build/turtle_control/build/lib/turtle_control
[1.132s] copying turtle_control/turtle_control_node.py -> /home/aae4202/ws_4202/build/turtle_control/build/lib/turtle_control
[1.132s] running install
[1.133s] running install_lib
[1.134s] creating /home/aae4202/ws_4202/install/turtle_control/lib/python3.10/site-packages/turtle_control
[1.134s] copying /home/aae4202/ws_4202/build/turtle_control/build/lib/turtle_control/turtle_pose_show_node.py -> /home/aae4202/ws_4202/install/turtle_control/lib/python3.10/site-packages/turtle_control
[1.134s] copying /home/aae4202/ws_4202/build/turtle_control/build/lib/turtle_control/__init__.py -> /home/aae4202/ws_4202/install/turtle_control/lib/python3.10/site-packages/turtle_control
[1.134s] copying /home/aae4202/ws_4202/build/turtle_control/build/lib/turtle_control/turtle_control_node.py -> /home/aae4202/ws_4202/install/turtle_control/lib/python3.10/site-packages/turtle_control
[1.135s] byte-compiling /home/aae4202/ws_4202/install/turtle_control/lib/python3.10/site-packages/turtle_control/turtle_pose_show_node.py to turtle_pose_show_node.cpython-310.pyc
[1.135s] byte-compiling /home/aae4202/ws_4202/install/turtle_control/lib/python3.10/site-packages/turtle_control/__init__.py to __init__.cpython-310.pyc
[1.136s] byte-compiling /home/aae4202/ws_4202/install/turtle_control/lib/python3.10/site-packages/turtle_control/turtle_control_node.py to turtle_control_node.cpython-310.pyc
[1.136s] running install_egg_info
[1.138s] Copying ../../build/turtle_control/turtle_control.egg-info to /home/aae4202/ws_4202/install/turtle_control/lib/python3.10/site-packages/turtle_control-1.0.0-py3.10.egg-info
[1.139s] running install_scripts
[1.163s] Installing turtle_control_node script to /home/aae4202/ws_4202/install/turtle_control/lib/turtle_control
[1.163s] Installing turtle_pose_show_node script to /home/aae4202/ws_4202/install/turtle_control/lib/turtle_control
[1.164s] writing list of installed files to '/home/aae4202/ws_4202/build/turtle_control/install.log'
[1.198s] Invoked command in '/home/aae4202/ws_4202/src/turtle_control' returned '0': PYTHONPATH=/home/aae4202/ws_4202/build/turtle_control/prefix_override:/usr/lib/python3/dist-packages/colcon_core/task/python/colcon_distutils_commands:/home/aae4202/ws_4202/install/turtle_control/lib/python3.10/site-packages:${PYTHONPATH} /usr/bin/python3 -W ignore:setup.py install is deprecated setup.py egg_info --egg-base ../../build/turtle_control build --build-base /home/aae4202/ws_4202/build/turtle_control/build install --record /home/aae4202/ws_4202/build/turtle_control/install.log --single-version-externally-managed
