[0.792s] Invoking command in '/home/aae4202/ws_4202/session_1/src/turtle_control': PYTHONPATH=/home/aae4202/ws_4202/session_1/build/turtle_control/prefix_override:/usr/lib/python3/dist-packages/colcon_core/task/python/colcon_distutils_commands:/home/aae4202/ws_4202/session_1/install/turtle_control/lib/python3.10/site-packages:${PYTHONPATH} /usr/bin/python3 -W ignore:setup.py install is deprecated setup.py egg_info --egg-base ../../build/turtle_control build --build-base /home/aae4202/ws_4202/session_1/build/turtle_control/build install --record /home/aae4202/ws_4202/session_1/build/turtle_control/install.log --single-version-externally-managed
[1.112s] running egg_info
[1.113s] writing ../../build/turtle_control/turtle_control.egg-info/PKG-INFO
[1.113s] writing dependency_links to ../../build/turtle_control/turtle_control.egg-info/dependency_links.txt
[1.113s] writing entry points to ../../build/turtle_control/turtle_control.egg-info/entry_points.txt
[1.113s] writing requirements to ../../build/turtle_control/turtle_control.egg-info/requires.txt
[1.114s] writing top-level names to ../../build/turtle_control/turtle_control.egg-info/top_level.txt
[1.116s] reading manifest file '../../build/turtle_control/turtle_control.egg-info/SOURCES.txt'
[1.117s] writing manifest file '../../build/turtle_control/turtle_control.egg-info/SOURCES.txt'
[1.118s] running build
[1.118s] running build_py
[1.118s] copying turtle_control/turtle_pose_show_node.py -> /home/aae4202/ws_4202/session_1/build/turtle_control/build/lib/turtle_control
[1.118s] running install
[1.119s] running install_lib
[1.120s] copying /home/aae4202/ws_4202/session_1/build/turtle_control/build/lib/turtle_control/turtle_pose_show_node.py -> /home/aae4202/ws_4202/session_1/install/turtle_control/lib/python3.10/site-packages/turtle_control
[1.120s] byte-compiling /home/aae4202/ws_4202/session_1/install/turtle_control/lib/python3.10/site-packages/turtle_control/turtle_pose_show_node.py to turtle_pose_show_node.cpython-310.pyc
[1.121s] running install_egg_info
[1.124s] removing '/home/aae4202/ws_4202/session_1/install/turtle_control/lib/python3.10/site-packages/turtle_control-1.0.0-py3.10.egg-info' (and everything under it)
[1.124s] Copying ../../build/turtle_control/turtle_control.egg-info to /home/aae4202/ws_4202/session_1/install/turtle_control/lib/python3.10/site-packages/turtle_control-1.0.0-py3.10.egg-info
[1.125s] running install_scripts
[1.149s] Installing turtle_control_node script to /home/aae4202/ws_4202/session_1/install/turtle_control/lib/turtle_control
[1.150s] Installing turtle_pose_show_node script to /home/aae4202/ws_4202/session_1/install/turtle_control/lib/turtle_control
[1.150s] writing list of installed files to '/home/aae4202/ws_4202/session_1/build/turtle_control/install.log'
[1.182s] Invoked command in '/home/aae4202/ws_4202/session_1/src/turtle_control' returned '0': PYTHONPATH=/home/aae4202/ws_4202/session_1/build/turtle_control/prefix_override:/usr/lib/python3/dist-packages/colcon_core/task/python/colcon_distutils_commands:/home/aae4202/ws_4202/session_1/install/turtle_control/lib/python3.10/site-packages:${PYTHONPATH} /usr/bin/python3 -W ignore:setup.py install is deprecated setup.py egg_info --egg-base ../../build/turtle_control build --build-base /home/aae4202/ws_4202/session_1/build/turtle_control/build install --record /home/aae4202/ws_4202/session_1/build/turtle_control/install.log --single-version-externally-managed
