[0.824s] Invoking command in '/home/aae4202/ws_4202/session_1/src/turtle_control': PYTHONPATH=/home/aae4202/ws_4202/session_1/build/turtle_control/prefix_override:/usr/lib/python3/dist-packages/colcon_core/task/python/colcon_distutils_commands:/home/aae4202/ws_4202/session_1/install/turtle_control/lib/python3.10/site-packages:${PYTHONPATH} /usr/bin/python3 -W ignore:setup.py install is deprecated setup.py egg_info --egg-base ../../build/turtle_control build --build-base /home/aae4202/ws_4202/session_1/build/turtle_control/build install --record /home/aae4202/ws_4202/session_1/build/turtle_control/install.log --single-version-externally-managed
[1.152s] running egg_info
[1.153s] creating ../../build/turtle_control/turtle_control.egg-info
[1.153s] writing ../../build/turtle_control/turtle_control.egg-info/PKG-INFO
[1.153s] writing dependency_links to ../../build/turtle_control/turtle_control.egg-info/dependency_links.txt
[1.153s] writing entry points to ../../build/turtle_control/turtle_control.egg-info/entry_points.txt
[1.154s] writing requirements to ../../build/turtle_control/turtle_control.egg-info/requires.txt
[1.154s] writing top-level names to ../../build/turtle_control/turtle_control.egg-info/top_level.txt
[1.154s] writing manifest file '../../build/turtle_control/turtle_control.egg-info/SOURCES.txt'
[1.156s] reading manifest file '../../build/turtle_control/turtle_control.egg-info/SOURCES.txt'
[1.158s] writing manifest file '../../build/turtle_control/turtle_control.egg-info/SOURCES.txt'
[1.158s] running build
[1.158s] running build_py
[1.158s] creating /home/aae4202/ws_4202/session_1/build/turtle_control/build
[1.159s] creating /home/aae4202/ws_4202/session_1/build/turtle_control/build/lib
[1.159s] creating /home/aae4202/ws_4202/session_1/build/turtle_control/build/lib/turtle_control
[1.159s] copying turtle_control/turtle_pose_show_node.py -> /home/aae4202/ws_4202/session_1/build/turtle_control/build/lib/turtle_control
[1.159s] copying turtle_control/__init__.py -> /home/aae4202/ws_4202/session_1/build/turtle_control/build/lib/turtle_control
[1.159s] copying turtle_control/turtle_control_node.py -> /home/aae4202/ws_4202/session_1/build/turtle_control/build/lib/turtle_control
[1.159s] running install
[1.160s] running install_lib
[1.161s] creating /home/aae4202/ws_4202/session_1/install/turtle_control/lib/python3.10/site-packages/turtle_control
[1.161s] copying /home/aae4202/ws_4202/session_1/build/turtle_control/build/lib/turtle_control/turtle_pose_show_node.py -> /home/aae4202/ws_4202/session_1/install/turtle_control/lib/python3.10/site-packages/turtle_control
[1.161s] copying /home/aae4202/ws_4202/session_1/build/turtle_control/build/lib/turtle_control/__init__.py -> /home/aae4202/ws_4202/session_1/install/turtle_control/lib/python3.10/site-packages/turtle_control
[1.161s] copying /home/aae4202/ws_4202/session_1/build/turtle_control/build/lib/turtle_control/turtle_control_node.py -> /home/aae4202/ws_4202/session_1/install/turtle_control/lib/python3.10/site-packages/turtle_control
[1.162s] byte-compiling /home/aae4202/ws_4202/session_1/install/turtle_control/lib/python3.10/site-packages/turtle_control/turtle_pose_show_node.py to turtle_pose_show_node.cpython-310.pyc
[1.163s] byte-compiling /home/aae4202/ws_4202/session_1/install/turtle_control/lib/python3.10/site-packages/turtle_control/__init__.py to __init__.cpython-310.pyc
[1.163s] byte-compiling /home/aae4202/ws_4202/session_1/install/turtle_control/lib/python3.10/site-packages/turtle_control/turtle_control_node.py to turtle_control_node.cpython-310.pyc
[1.163s] running install_egg_info
[1.166s] Copying ../../build/turtle_control/turtle_control.egg-info to /home/aae4202/ws_4202/session_1/install/turtle_control/lib/python3.10/site-packages/turtle_control-1.0.0-py3.10.egg-info
[1.167s] running install_scripts
[1.193s] Installing turtle_control_node script to /home/aae4202/ws_4202/session_1/install/turtle_control/lib/turtle_control
[1.193s] Installing turtle_pose_show_node script to /home/aae4202/ws_4202/session_1/install/turtle_control/lib/turtle_control
[1.194s] writing list of installed files to '/home/aae4202/ws_4202/session_1/build/turtle_control/install.log'
[1.228s] Invoked command in '/home/aae4202/ws_4202/session_1/src/turtle_control' returned '0': PYTHONPATH=/home/aae4202/ws_4202/session_1/build/turtle_control/prefix_override:/usr/lib/python3/dist-packages/colcon_core/task/python/colcon_distutils_commands:/home/aae4202/ws_4202/session_1/install/turtle_control/lib/python3.10/site-packages:${PYTHONPATH} /usr/bin/python3 -W ignore:setup.py install is deprecated setup.py egg_info --egg-base ../../build/turtle_control build --build-base /home/aae4202/ws_4202/session_1/build/turtle_control/build install --record /home/aae4202/ws_4202/session_1/build/turtle_control/install.log --single-version-externally-managed
